<?xml version="1.0" encoding="UTF-8"?>
<!-- Generated by org.testng.reporters.JUnitReportReporter -->
<testsuite hostname="HoangNam-PC" name="nampackage.TryCatch" tests="1" failures="0" timestamp="24 Jun 2016 05:13:51 GMT" time="1.039" errors="0">
  <testcase name="tryandcatch" time="1.039" classname="nampackage.TryCatch"/>
</testsuite> <!-- nampackage.TryCatch -->
