<?xml version="1.0" encoding="UTF-8"?>
<!-- Generated by org.testng.reporters.JUnitReportReporter -->
<testsuite hostname="HoangNam-PC" name="firsttestngpackage.FirstTestNGFile" tests="1" failures="0" timestamp="21 Jun 2016 10:08:11 GMT" time="3.638" errors="0">
  <testcase name="VerifyTitle" time="3.638" classname="firsttestngpackage.FirstTestNGFile"/>
</testsuite> <!-- firsttestngpackage.FirstTestNGFile -->
